C51 COMPILER V9.52.0.0   CONFIG_GLOBAL                                                     05/02/2018 11:22:21 PAGE 1   


C51 COMPILER V9.52.0.0, COMPILATION OF MODULE CONFIG_GLOBAL
OBJECT MODULE PLACED IN Config_Global.OBJ
COMPILER INVOKED BY: C:\Keil\C51\BIN\C51.EXE Config_Global.c BROWSE DEBUG OBJECTEXTEND TABS(2)

line level    source

   1          #include <c8051f020.h>
   2          #include "Config_Global.h"
   3          
   4          
   5          void oscillator_init (void)
   6          { 
   7   1        int i=0;
   8   1        OSCXCN = 0x67; // Crystal oscillator mode
   9   1        for (i = 0; i < 3000; i++)  // Wait for 1ms
  10   1        while ((OSCXCN & 0x80) == 0x00);  // Crystal oscillator valid flag check
  11   1        OSCICN = 0x08;  // Swicth from oscillator
  12   1      }
  13          
  14          void Reset_Sources_init(void)
  15          {
  16   1        EA=0;
  17   1        WDTCN = 0xDE; // desactivation du watchdog
  18   1        WDTCN = 0xAD;
  19   1        //EA=1;
  20   1      }
  21          
  22          
  23          
  24          void Init_Device(void) //appel d'une fonction unique dans le main
  25          { 
  26   1        
  27   1        oscillator_init();
  28   1        Reset_Sources_init();
  29   1        
  30   1      }


MODULE INFORMATION:   STATIC OVERLAYABLE
   CODE SIZE        =     41    ----
   CONSTANT SIZE    =   ----    ----
   XDATA SIZE       =   ----    ----
   PDATA SIZE       =   ----    ----
   DATA SIZE        =   ----    ----
   IDATA SIZE       =   ----    ----
   BIT SIZE         =   ----    ----
END OF MODULE INFORMATION.


C51 COMPILATION COMPLETE.  0 WARNING(S),  0 ERROR(S)
