C51 COMPILER V9.52.0.0   CONFIG_GPIO                                                       04/25/2018 12:06:15 PAGE 1   


C51 COMPILER V9.52.0.0, COMPILATION OF MODULE CONFIG_GPIO
OBJECT MODULE PLACED IN .\Config_GPIO.obj
COMPILER INVOKED BY: C:\Keil\C51\BIN\C51.EXE ..\projetTR_ServoH\Config_GPIO.c BROWSE DEBUG OBJECTEXTEND PRINT(.\Config_G
                    -PIO.lst) TABS(2) OBJECT(.\Config_GPIO.obj)

line level    source

   1          #include <c8051f020.h>
   2          #include "Config_Global.h"
   3          #include "Config_GPIO.h"
   4          #include "Config_SPI.h"
   5          
   6          
   7          void Config_GPIO_Master(void){
   8   1        P0=0xff;
   9   1        XBR1=0x80;//sysclk routed to port pin
  10   1        //P1=0x01;
  11   1        //P1MDOUT|=0x01;
  12   1        P3=0x80;
  13   1        P3MDOUT|=0x80;
  14   1        P0MDOUT &=0xAA; //  P0.3(MISO) P0.5(NSS) en OD 
  15   1        P0MDOUT |=0x55; //P0.2(SCK) P0.4(MOSI) en PP
  16   1        XBR0 =0x06;//~0x71; // Activation UART et SPI
  17   1        XBR2 =0x44; // Activation UART1 et Crossbar
  18   1      }
  19          
  20          void Gestion_GPIO (void){
  21   1        Config_GPIO_Master();
  22   1      }
  23          


MODULE INFORMATION:   STATIC OVERLAYABLE
   CODE SIZE        =     28    ----
   CONSTANT SIZE    =   ----    ----
   XDATA SIZE       =   ----    ----
   PDATA SIZE       =   ----    ----
   DATA SIZE        =   ----    ----
   IDATA SIZE       =   ----    ----
   BIT SIZE         =   ----    ----
END OF MODULE INFORMATION.


C51 COMPILATION COMPLETE.  0 WARNING(S),  0 ERROR(S)
