C51 COMPILER V9.52.0.0   MAIN                                                              04/25/2018 12:06:16 PAGE 1   


C51 COMPILER V9.52.0.0, COMPILATION OF MODULE MAIN
OBJECT MODULE PLACED IN .\main.obj
COMPILER INVOKED BY: C:\Keil\C51\BIN\C51.EXE ..\projetTR_ServoH\main.c BROWSE DEBUG OBJECTEXTEND PRINT(.\main.lst) TABS(
                    -2) OBJECT(.\main.obj)

line level    source

   1          #include <c8051f020.h>
   2          #include "Config_PCA.h"
   3          #include "Config_Global.h"
   4          #include "Config_GPIO.h"
   5          #include "Config_SPI.h"
   6          
   7          
   8          void main()
   9          {
  10   1        EA=0;
  11   1        
  12   1        Init_Device(); //on initialise les ports, le Sysclock et le reset
  13   1        Gestion_GPIO();
  14   1        //Init_PCA(); //on initialise le PCA
  15   1        Config_SPI();
  16   1        
  17   1        EA=1; 
  18   1        while(1){
  19   2          unsigned int i;
  20   2          //SPI0DAT = 0xf0; 
  21   2          //SPIF  =0;
  22   2          //putcharSPI('e',500);
  23   2          test();
  24   2          for(i=0; i< 3000; i++);
  25   2      }
  26   1      
  27   1      }


MODULE INFORMATION:   STATIC OVERLAYABLE
   CODE SIZE        =     39    ----
   CONSTANT SIZE    =   ----    ----
   XDATA SIZE       =   ----    ----
   PDATA SIZE       =   ----    ----
   DATA SIZE        =   ----       2
   IDATA SIZE       =   ----    ----
   BIT SIZE         =   ----    ----
END OF MODULE INFORMATION.


C51 COMPILATION COMPLETE.  0 WARNING(S),  0 ERROR(S)
